\BOOKMARK [1][-]{section.1}{\376\377\000I\000n\000t\000r\000o\000d\000u\000c\000t\000i\000o\000n}{}% 1
\BOOKMARK [2][-]{subsection.1.1}{\376\377\000C\000o\000n\000t\000e\000x\000t\000e\000\040\000e\000t\000\040\000M\000o\000t\000i\000v\000a\000t\000i\000o\000n}{section.1}% 2
\BOOKMARK [2][-]{subsection.1.2}{\376\377\000P\000r\000\351\000s\000e\000n\000t\000a\000t\000i\000o\000n\000\040\000d\000u\000\040\000P\000r\000o\000j\000e\000t\000\040\000A\000G\000R\000I\000-\000S\000c\000o\000u\000t}{section.1}% 3
\BOOKMARK [2][-]{subsection.1.3}{\376\377\000P\000\351\000r\000i\000m\000\350\000t\000r\000e\000\040\000d\000e\000\040\000c\000e\000\040\000R\000a\000p\000p\000o\000r\000t}{section.1}% 4
\BOOKMARK [1][-]{section.2}{\376\377\000O\000b\000j\000e\000c\000t\000i\000f\000s\000\040\000I\000n\000i\000t\000i\000a\000u\000x\000\040\000e\000t\000\040\000L\000e\000u\000r\000\040\000\311\000v\000o\000l\000u\000t\000i\000o\000n}{}% 5
\BOOKMARK [2][-]{subsection.2.1}{\376\377\000V\000i\000s\000i\000o\000n\000\040\000I\000n\000i\000t\000i\000a\000l\000e\000\040\000d\000u\000\040\000P\000r\000o\000j\000e\000t}{section.2}% 6
\BOOKMARK [2][-]{subsection.2.2}{\376\377\000L\000e\000s\000\040\000C\000o\000n\000t\000r\000a\000i\000n\000t\000e\000s\000\040\000R\000e\000n\000c\000o\000n\000t\000r\000\351\000e\000s}{section.2}% 7
\BOOKMARK [3][-]{subsubsection.2.2.1}{\376\377\000I\000n\000s\000t\000a\000b\000i\000l\000i\000t\000\351\000\040\000\311\000l\000e\000c\000t\000r\000i\000q\000u\000e}{subsection.2.2}% 8
\BOOKMARK [3][-]{subsubsection.2.2.2}{\376\377\000P\000r\000o\000b\000l\000\350\000m\000e\000s\000\040\000d\000e\000\040\000C\000o\000m\000m\000u\000n\000i\000c\000a\000t\000i\000o\000n\000\040\000S\000\351\000r\000i\000e}{subsection.2.2}% 9
\BOOKMARK [3][-]{subsubsection.2.2.3}{\376\377\000L\000i\000m\000i\000t\000e\000s\000\040\000C\000o\000m\000p\000u\000t\000a\000t\000i\000o\000n\000n\000e\000l\000l\000e\000s\000\040\000p\000o\000u\000r\000\040\000l\000a\000\040\000V\000i\000s\000i\000o\000n}{subsection.2.2}% 10
\BOOKMARK [2][-]{subsection.2.3}{\376\377\000L\000e\000s\000\040\000P\000i\000v\000o\000t\000s\000\040\000S\000t\000r\000a\000t\000\351\000g\000i\000q\000u\000e\000s}{section.2}% 11
\BOOKMARK [1][-]{section.3}{\376\377\000O\000r\000g\000a\000n\000i\000s\000a\000t\000i\000o\000n\000\040\000d\000u\000\040\000P\000r\000o\000j\000e\000t}{}% 12
\BOOKMARK [2][-]{subsection.3.1}{\376\377\000R\000\351\000p\000a\000r\000t\000i\000t\000i\000o\000n\000\040\000d\000e\000s\000\040\000T\000\342\000c\000h\000e\000s}{section.3}% 13
\BOOKMARK [2][-]{subsection.3.2}{\376\377\000C\000h\000r\000o\000n\000o\000l\000o\000g\000i\000e\000\040\000d\000u\000\040\000P\000r\000o\000j\000e\000t\000\040\000\050\000S\000e\000p\000t\000e\000m\000b\000r\000e\000\040\0002\0000\0002\0005\000\040\040\023\000\040\000A\000v\000r\000i\000l\000\040\0002\0000\0002\0006\000\051}{section.3}% 14
\BOOKMARK [1][-]{section.4}{\376\377\000S\000o\000l\000u\000t\000i\000o\000n\000s\000\040\000E\000x\000p\000l\000o\000r\000\351\000e\000s\000\040\000e\000t\000\040\000A\000b\000a\000n\000d\000o\000n\000n\000\351\000e\000s}{}% 15
\BOOKMARK [2][-]{subsection.4.1}{\376\377\000R\000\351\000g\000u\000l\000a\000t\000e\000u\000r\000\040\000d\000e\000\040\000T\000e\000n\000s\000i\000o\000n\000\040\000C\000e\000n\000t\000r\000a\000l\000i\000s\000\351\000\040\000\050\000T\000r\000a\000c\000o\000\040\000P\000o\000w\000e\000r\000\051}{section.4}% 16
\BOOKMARK [2][-]{subsection.4.2}{\376\377\000V\000i\000s\000i\000o\000n\000\040\000Y\000O\000L\000O\000\040\000p\000o\000u\000r\000\040\000l\000a\000\040\000N\000a\000v\000i\000g\000a\000t\000i\000o\000n}{section.4}% 17
\BOOKMARK [2][-]{subsection.4.3}{\376\377\000m\000i\000c\000r\000o\000-\000R\000O\000S\000\040\000s\000u\000r\000\040\000A\000r\000d\000u\000i\000n\000o}{section.4}% 18
\BOOKMARK [2][-]{subsection.4.4}{\376\377\000N\000a\000v\000i\000g\000a\000t\000i\000o\000n\000\040\000G\000l\000o\000b\000a\000l\000e\000\040\000a\000v\000e\000c\000\040\000N\000a\000v\0002}{section.4}% 19
\BOOKMARK [1][-]{section.5}{\376\377\000P\000i\000s\000t\000e\000s\000\040\000d\000'\000A\000m\000\351\000l\000i\000o\000r\000a\000t\000i\000o\000n\000\040\000e\000t\000\040\000P\000e\000r\000s\000p\000e\000c\000t\000i\000v\000e\000s\000\040\000F\000u\000t\000u\000r\000e\000s}{}% 20
\BOOKMARK [2][-]{subsection.5.1}{\376\377\000A\000x\000e\000\040\0001\000\040\000:\000\040\000R\000e\000f\000o\000n\000t\000e\000\040\000M\000\351\000c\000a\000n\000i\000q\000u\000e\000\040\000e\000t\000\040\000C\000h\000\342\000s\000s\000i\000s}{section.5}% 21
\BOOKMARK [2][-]{subsection.5.2}{\376\377\000A\000x\000e\000\040\0002\000\040\000:\000\040\000U\000p\000g\000r\000a\000d\000e\000\040\000M\000a\000t\000\351\000r\000i\000e\000l\000\040\000e\000t\000\040\000N\000a\000v\000i\000g\000a\000t\000i\000o\000n\000\040\000A\000v\000a\000n\000c\000\351\000e}{section.5}% 22
\BOOKMARK [2][-]{subsection.5.3}{\376\377\000A\000x\000e\000\040\0003\000\040\000:\000\040\000D\000\351\000t\000e\000c\000t\000i\000o\000n\000\040\000d\000e\000\040\000V\000\351\000g\000\351\000t\000a\000t\000i\000o\000n\000\040\000e\000t\000\040\000d\000e\000\040\000P\000e\000s\000t\000e\000s\000\040\000p\000a\000r\000\040\000Y\000O\000L\000O}{section.5}% 23
\BOOKMARK [2][-]{subsection.5.4}{\376\377\000A\000x\000e\000\040\0004\000\040\000:\000\040\000N\000a\000v\000i\000g\000a\000t\000i\000o\000n\000\040\000G\000P\000S\000\040\000R\000T\000K\000\040\000e\000t\000\040\000M\000i\000s\000s\000i\000o\000n\000s\000\040\000p\000a\000r\000\040\000P\000o\000i\000n\000t\000s\000\040\000d\000e\000\040\000P\000a\000s\000s\000a\000g\000e}{section.5}% 24
\BOOKMARK [1][-]{section.6}{\376\377\000C\000o\000n\000c\000l\000u\000s\000i\000o\000n}{}% 25
