\BOOKMARK [1][-]{section.1}{\376\377\000I\000n\000t\000r\000o\000d\000u\000c\000t\000i\000o\000n}{}% 1
\BOOKMARK [1][-]{section.2}{\376\377\000V\000u\000e\000\040\000d\000'\000E\000n\000s\000e\000m\000b\000l\000e\000\040\000d\000u\000\040\000R\000o\000b\000o\000t}{}% 2
\BOOKMARK [1][-]{section.3}{\376\377\000R\000\351\000f\000\351\000r\000e\000n\000c\000e\000\040\000d\000e\000s\000\040\000C\000o\000m\000p\000o\000s\000a\000n\000t\000s}{}% 3
\BOOKMARK [1][-]{section.4}{\376\377\000S\000y\000s\000t\000\350\000m\000e\000\040\000d\000'\000A\000l\000i\000m\000e\000n\000t\000a\000t\000i\000o\000n}{}% 4
\BOOKMARK [2][-]{subsection.4.1}{\376\377\000A\000r\000c\000h\000i\000t\000e\000c\000t\000u\000r\000e\000\040\000\351\000l\000e\000c\000t\000r\000i\000q\000u\000e}{section.4}% 5
\BOOKMARK [2][-]{subsection.4.2}{\376\377\000D\000\351\000m\000o\000n\000t\000a\000g\000e\000\040\000e\000t\000\040\000r\000e\000m\000p\000l\000a\000c\000e\000m\000e\000n\000t\000\040\000d\000e\000s\000\040\000b\000a\000t\000t\000e\000r\000i\000e\000s}{section.4}% 6
\BOOKMARK [2][-]{subsection.4.3}{\376\377\000I\000n\000t\000e\000r\000r\000u\000p\000t\000e\000u\000r\000\040\000d\000e\000\040\000p\000u\000i\000s\000s\000a\000n\000c\000e}{section.4}% 7
\BOOKMARK [1][-]{section.5}{\376\377\000\311\000l\000e\000c\000t\000r\000o\000n\000i\000q\000u\000e\000\040\000:\000\040\000D\000\351\000m\000o\000n\000t\000a\000g\000e\000\040\000e\000t\000\040\000R\000e\000m\000p\000l\000a\000c\000e\000m\000e\000n\000t}{}% 8
\BOOKMARK [2][-]{subsection.5.1}{\376\377\000R\000a\000s\000p\000b\000e\000r\000r\000y\000\040\000P\000i\000\040\000e\000t\000\040\000A\000r\000d\000u\000i\000n\000o}{section.5}% 9
\BOOKMARK [2][-]{subsection.5.2}{\376\377\000L\000I\000D\000A\000R\000\040\000R\000P\000L\000i\000D\000A\000R\000\040\000A\0001}{section.5}% 10
\BOOKMARK [2][-]{subsection.5.3}{\376\377\000I\000M\000U\000\040\000\050\000S\000p\000a\000r\000k\000F\000u\000n\000\040\000O\000p\000e\000n\000L\000o\000g\000\040\000A\000r\000t\000e\000m\000i\000s\000\051}{section.5}% 11
\BOOKMARK [2][-]{subsection.5.4}{\376\377\000W\000e\000b\000c\000a\000m\000\040\000U\000S\000B}{section.5}% 12
\BOOKMARK [1][-]{section.6}{\376\377\000M\000\351\000c\000a\000n\000i\000q\000u\000e\000\040\000:\000\040\000P\000i\000\350\000c\000e\000s\000\040\000I\000m\000p\000r\000i\000m\000\351\000e\000s\000\040\000e\000n\000\040\0003\000D}{}% 13
\BOOKMARK [2][-]{subsection.6.1}{\376\377\000S\000u\000p\000p\000o\000r\000t\000\040\000d\000'\000\351\000l\000\351\000v\000a\000t\000i\000o\000n\000\040\000p\000o\000u\000r\000\040\000L\000I\000D\000A\000R\000\040\000e\000t\000\040\000I\000M\000U}{section.6}% 14
\BOOKMARK [2][-]{subsection.6.2}{\376\377\000S\000u\000p\000p\000o\000r\000t\000\040\000d\000u\000\040\000m\000o\000t\000e\000u\000r\000\040\000p\000a\000s\000\040\000\340\000\040\000p\000a\000s\000\040\000\050\000s\000o\000n\000d\000e\000\051}{section.6}% 15
\BOOKMARK [2][-]{subsection.6.3}{\376\377\000S\000u\000p\000p\000o\000r\000t\000\040\000i\000n\000f\000\351\000r\000i\000e\000u\000r\000\040\000d\000e\000\040\000l\000a\000\040\000s\000o\000n\000d\000e}{section.6}% 16
\BOOKMARK [2][-]{subsection.6.4}{\376\377\000S\000u\000p\000p\000o\000r\000t\000\040\000d\000u\000\040\000c\000a\000p\000t\000e\000u\000r\000\040\000d\000e\000\040\000s\000o\000l}{section.6}% 17
\BOOKMARK [2][-]{subsection.6.5}{\376\377\000S\000o\000n\000d\000e\000\040\000\340\000\040\000v\000i\000s\000\040\000f\000i\000n\000a\000l\000i\000s\000\351\000e}{section.6}% 18
\BOOKMARK [2][-]{subsection.6.6}{\376\377\000S\000u\000p\000p\000o\000r\000t\000s\000\040\000d\000e\000s\000\040\000b\000a\000t\000t\000e\000r\000i\000e\000s}{section.6}% 19
\BOOKMARK [1][-]{section.7}{\376\377\000D\000\351\000b\000o\000g\000a\000g\000e\000\040\000M\000a\000t\000\351\000r\000i\000e\000l}{}% 20
\BOOKMARK [2][-]{subsection.7.1}{\376\377\000R\000o\000u\000e\000s\000\040\000n\000o\000n\000\040\000c\000o\000n\000t\000r\000\364\000l\000\351\000e\000s\000\040\000a\000u\000\040\000d\000\351\000m\000a\000r\000r\000a\000g\000e}{section.7}% 21
\BOOKMARK [2][-]{subsection.7.2}{\376\377\000L\000I\000D\000A\000R\000\040\000m\000u\000e\000t\000\040\000o\000u\000\040\000a\000b\000s\000e\000n\000t}{section.7}% 22
\BOOKMARK [2][-]{subsection.7.3}{\376\377\000A\000r\000d\000u\000i\000n\000o\000\040\000n\000o\000n\000\040\000d\000\351\000t\000e\000c\000t\000\351}{section.7}% 23
\BOOKMARK [2][-]{subsection.7.4}{\376\377\000S\000o\000n\000d\000e\000\040\000n\000e\000\040\000d\000e\000s\000c\000e\000n\000d\000\040\000p\000a\000s}{section.7}% 24
\BOOKMARK [2][-]{subsection.7.5}{\376\377\000C\000a\000m\000\351\000r\000a\000\040\000n\000o\000n\000\040\000d\000\351\000t\000e\000c\000t\000\351\000e}{section.7}% 25
\BOOKMARK [2][-]{subsection.7.6}{\376\377\000C\000o\000n\000f\000l\000i\000t\000\040\000d\000e\000\040\000p\000o\000r\000t\000s\000\040\000U\000S\000B\000\040\000\050\000/\000d\000e\000v\000/\000t\000t\000y\000U\000S\000B\0000\000\040\000v\000s\000\040\000/\000d\000e\000v\000/\000t\000t\000y\000U\000S\000B\0001\000\051}{section.7}% 26
\BOOKMARK [1][-]{section.8}{\376\377\000M\000a\000i\000n\000t\000e\000n\000a\000n\000c\000e\000\040\000P\000r\000\351\000v\000e\000n\000t\000i\000v\000e}{}% 27
